0 info it worked if it ends with ok
1 verbose cli [ '/usr/local/Cellar/node/0.10.15/bin/node',
1 verbose cli   '/usr/local/bin/npm',
1 verbose cli   'install',
1 verbose cli   '-g',
1 verbose cli   'PhysicsJS' ]
2 info using npm@1.3.5
3 info using node@v0.10.15
4 verbose cache add [ 'PhysicsJS', null ]
5 verbose cache add name=undefined spec="PhysicsJS" args=["PhysicsJS",null]
6 verbose parsed url { protocol: null,
6 verbose parsed url   slashes: null,
6 verbose parsed url   auth: null,
6 verbose parsed url   host: null,
6 verbose parsed url   port: null,
6 verbose parsed url   hostname: null,
6 verbose parsed url   hash: null,
6 verbose parsed url   search: null,
6 verbose parsed url   query: null,
6 verbose parsed url   pathname: 'PhysicsJS',
6 verbose parsed url   path: 'PhysicsJS',
6 verbose parsed url   href: 'PhysicsJS' }
7 silly lockFile 107fe732-PhysicsJS PhysicsJS
8 verbose lock PhysicsJS /Users/kg/.npm/107fe732-PhysicsJS.lock
9 silly lockFile 107fe732-PhysicsJS PhysicsJS
10 silly lockFile 107fe732-PhysicsJS PhysicsJS
11 verbose addNamed [ 'PhysicsJS', '' ]
12 verbose addNamed [ null, '*' ]
13 silly lockFile 8c3bd575-PhysicsJS PhysicsJS@
14 verbose lock PhysicsJS@ /Users/kg/.npm/8c3bd575-PhysicsJS.lock
15 silly addNameRange { name: 'PhysicsJS', range: '*', hasData: false }
16 verbose url raw PhysicsJS
17 verbose url resolving [ 'https://registry.npmjs.org/', './PhysicsJS' ]
18 verbose url resolved https://registry.npmjs.org/PhysicsJS
19 info trying registry request attempt 1 at 16:28:39
20 http GET https://registry.npmjs.org/PhysicsJS
21 http 404 https://registry.npmjs.org/PhysicsJS
22 silly registry.get cb [ 404,
22 silly registry.get   { date: 'Sun, 05 Jan 2014 05:28:41 GMT',
22 silly registry.get     server: 'CouchDB/1.5.0 (Erlang OTP/R15B03)',
22 silly registry.get     'content-type': 'application/json',
22 silly registry.get     'cache-control': 'max-age=0',
22 silly registry.get     'content-length': '52',
22 silly registry.get     'accept-ranges': 'bytes',
22 silly registry.get     via: '1.1 varnish',
22 silly registry.get     age: '0',
22 silly registry.get     'x-served-by': 'cache-sy65-AU',
22 silly registry.get     'x-cache': 'MISS',
22 silly registry.get     'x-cache-hits': '0',
22 silly registry.get     'x-timer': 'S1388899721.631131887,VS0,VE251',
22 silly registry.get     'keep-alive': 'timeout=10, max=50',
22 silly registry.get     connection: 'Keep-Alive' } ]
23 silly lockFile 8c3bd575-PhysicsJS PhysicsJS@
24 silly lockFile 8c3bd575-PhysicsJS PhysicsJS@
25 error 404 'PhysicsJS' is not in the npm registry.
25 error 404 You should bug the author to publish it
25 error 404
25 error 404 Note that you can also install from a
25 error 404 tarball, folder, or http url, or git url.
26 error System Darwin 13.0.0
27 error command "/usr/local/Cellar/node/0.10.15/bin/node" "/usr/local/bin/npm" "install" "-g" "PhysicsJS"
28 error cwd /Users/kg/physics
29 error node -v v0.10.15
30 error npm -v 1.3.5
31 error code E404
32 verbose exit [ 1, true ]
